<?xml version="1.0" encoding="UTF-8"?>
<!-- Generated by org.testng.reporters.JUnitXMLReporter -->
<testsuite ignored="0" hostname="DESKTOP-30AVNGR" failures="1" tests="1" name="Default test" time="11.048" errors="0" timestamp="2024-08-20T13:33:06 IST">
  <testcase classname="io.cucumber.testng.AbstractTestNGCucumberTests" name="runScenario" time="9.331">
    <failure type="java.lang.NullPointerException" message="Cannot invoke &amp;quot;org.openqa.selenium.WebElement.findElement(org.openqa.selenium.By)&amp;quot; because &amp;quot;prod&amp;quot; is null">
      <![CDATA[java.lang.NullPointerException: Cannot invoke "org.openqa.selenium.WebElement.findElement(org.openqa.selenium.By)" because "prod" is null
at netflix.pageobjects.ProductCatalouge.addProductToCart(ProductCatalouge.java:54)
at netflix.stepDefinition.StepDefinitionImpl.I_add_product_to_Cart(StepDefinitionImpl.java:44)
at ✽.I add product ADIDAS ORIGINAL to Cart(file:///C:/Users/Admin/eclipse-workspace/SeleniumWeb/src/test/java/cucumber/SubmitOrder.feature:13)
]]>
    </failure>
  </testcase> <!-- runScenario -->
</testsuite> <!-- Default test -->
