<?xml version="1.0" encoding="UTF-8"?>
<!-- Generated by org.testng.reporters.JUnitXMLReporter -->
<testsuite ignored="0" hostname="DESKTOP-30AVNGR" failures="0" tests="3" name="Submit Test" time="45.234" errors="0" timestamp="2024-08-20T16:59:02 IST">
  <testcase classname="netflix.Tests.Submitorder" name="submitOrder" time="15.281"/>
  <testcase classname="netflix.Tests.Submitorder" name="submitOrder" time="14.885"/>
  <testcase classname="netflix.Tests.Submitorder" name="OrderHistoryTest" time="1.47"/>
</testsuite> <!-- Submit Test -->
