<?xml version="1.0" encoding="UTF-8"?>
<!-- Generated by org.testng.reporters.JUnitXMLReporter -->
<testsuite ignored="0" hostname="DESKTOP-30AVNGR" failures="0" tests="3" name="Submit Test" time="224.539" errors="0" timestamp="2024-08-18T14:08:08 IST">
  <testcase classname="netflix.Tests.Submitorder" name="submitOrder" time="3.8"/>
  <testcase classname="netflix.Tests.Submitorder" name="submitOrder" time="15.288"/>
  <testcase classname="netflix.Tests.Submitorder" name="OrderHistoryTest" time="1.225"/>
</testsuite> <!-- Submit Test -->
