<?xml version="1.0" encoding="UTF-8"?>
<testng-results ignored="0" total="5" passed="5" failed="0" skipped="0">
  <reporter-output>
  </reporter-output>
  <suite started-at="2024-08-18T14:04:22 IST" name="Suite" finished-at="2024-08-18T14:08:46 IST" duration-ms="263994">
    <groups>
      <group name="ErrorHandling">
        <method signature="ErrorValidations.LoginErrorValidation()[pri:0, instance:netflix.Tests.ErrorValidations@2438dcd]" name="LoginErrorValidation" class="netflix.Tests.ErrorValidations"/>
      </group> <!-- ErrorHandling -->
      <group name="Purchase">
        <method signature="Submitorder.submitOrder(java.util.HashMap)[pri:0, instance:netflix.Tests.Submitorder@333d4a8c]" name="submitOrder" class="netflix.Tests.Submitorder"/>
      </group> <!-- Purchase -->
    </groups>
    <test started-at="2024-08-18T14:04:22 IST" name="Submit Test" finished-at="2024-08-18T14:08:06 IST" duration-ms="224539">
      <class name="netflix.Tests.Submitorder">
        <test-method is-config="true" signature="launchApplication()[pri:0, instance:netflix.Tests.Submitorder@333d4a8c]" started-at="2024-08-18T14:04:22 IST" name="launchApplication" finished-at="2024-08-18T14:07:25 IST" duration-ms="183387" status="PASS">
          <reporter-output>
          </reporter-output>
        </test-method> <!-- launchApplication -->
        <test-method signature="submitOrder(java.util.HashMap)[pri:0, instance:netflix.Tests.Submitorder@333d4a8c]" started-at="2024-08-18T14:07:25 IST" name="submitOrder" data-provider="getData" finished-at="2024-08-18T14:07:29 IST" duration-ms="3800" status="PASS">
          <params>
            <param index="0">
              <value>
                <![CDATA[{password=Example@123, email=example007@gmail.com, productName=ADIDAS ORIGINAL}]]>
              </value>
            </param>
          </params>
          <reporter-output>
          </reporter-output>
        </test-method> <!-- submitOrder -->
        <test-method is-config="true" signature="tearDown()[pri:0, instance:netflix.Tests.Submitorder@333d4a8c]" started-at="2024-08-18T14:07:29 IST" name="tearDown" finished-at="2024-08-18T14:07:30 IST" duration-ms="507" status="PASS">
          <reporter-output>
          </reporter-output>
        </test-method> <!-- tearDown -->
        <test-method is-config="true" signature="launchApplication()[pri:0, instance:netflix.Tests.Submitorder@333d4a8c]" started-at="2024-08-18T14:07:30 IST" name="launchApplication" finished-at="2024-08-18T14:07:35 IST" duration-ms="5645" status="PASS">
          <reporter-output>
          </reporter-output>
        </test-method> <!-- launchApplication -->
        <test-method signature="submitOrder(java.util.HashMap)[pri:0, instance:netflix.Tests.Submitorder@333d4a8c]" started-at="2024-08-18T14:07:35 IST" name="submitOrder" data-provider="getData" finished-at="2024-08-18T14:07:51 IST" duration-ms="15288" status="PASS">
          <params>
            <param index="0">
              <value>
                <![CDATA[{password=Example@1234, email=example010@gmail.com, productName=ZARA COAT 3}]]>
              </value>
            </param>
          </params>
          <reporter-output>
          </reporter-output>
        </test-method> <!-- submitOrder -->
        <test-method is-config="true" signature="tearDown()[pri:0, instance:netflix.Tests.Submitorder@333d4a8c]" started-at="2024-08-18T14:07:51 IST" name="tearDown" finished-at="2024-08-18T14:07:51 IST" duration-ms="310" status="PASS">
          <reporter-output>
          </reporter-output>
        </test-method> <!-- tearDown -->
        <test-method is-config="true" signature="launchApplication()[pri:0, instance:netflix.Tests.Submitorder@333d4a8c]" started-at="2024-08-18T14:07:51 IST" name="launchApplication" finished-at="2024-08-18T14:08:05 IST" duration-ms="13517" status="PASS">
          <reporter-output>
          </reporter-output>
        </test-method> <!-- launchApplication -->
        <test-method signature="OrderHistoryTest()[pri:0, instance:netflix.Tests.Submitorder@333d4a8c]" started-at="2024-08-18T14:08:05 IST" name="OrderHistoryTest" finished-at="2024-08-18T14:08:06 IST" depends-on-methods="netflix.Tests.Submitorder.submitOrder" duration-ms="1225" status="PASS">
          <reporter-output>
          </reporter-output>
        </test-method> <!-- OrderHistoryTest -->
        <test-method is-config="true" signature="tearDown()[pri:0, instance:netflix.Tests.Submitorder@333d4a8c]" started-at="2024-08-18T14:08:06 IST" name="tearDown" finished-at="2024-08-18T14:08:06 IST" duration-ms="356" status="PASS">
          <reporter-output>
          </reporter-output>
        </test-method> <!-- tearDown -->
      </class> <!-- netflix.Tests.Submitorder -->
    </test> <!-- Submit Test -->
    <test started-at="2024-08-18T14:08:08 IST" name="Error Test" finished-at="2024-08-18T14:08:46 IST" duration-ms="37517">
      <class name="netflix.Tests.ErrorValidations">
        <test-method is-config="true" signature="launchApplication()[pri:0, instance:netflix.Tests.ErrorValidations@2438dcd]" started-at="2024-08-18T14:08:08 IST" name="launchApplication" finished-at="2024-08-18T14:08:14 IST" duration-ms="6410" status="PASS">
          <reporter-output>
          </reporter-output>
        </test-method> <!-- launchApplication -->
        <test-method signature="LoginErrorValidation()[pri:0, instance:netflix.Tests.ErrorValidations@2438dcd]" started-at="2024-08-18T14:08:14 IST" name="LoginErrorValidation" finished-at="2024-08-18T14:08:16 IST" duration-ms="1123" status="PASS">
          <reporter-output>
          </reporter-output>
        </test-method> <!-- LoginErrorValidation -->
        <test-method is-config="true" signature="tearDown()[pri:0, instance:netflix.Tests.ErrorValidations@2438dcd]" started-at="2024-08-18T14:08:16 IST" name="tearDown" finished-at="2024-08-18T14:08:16 IST" duration-ms="393" status="PASS">
          <reporter-output>
          </reporter-output>
        </test-method> <!-- tearDown -->
        <test-method is-config="true" signature="launchApplication()[pri:0, instance:netflix.Tests.ErrorValidations@2438dcd]" started-at="2024-08-18T14:08:16 IST" name="launchApplication" finished-at="2024-08-18T14:08:31 IST" duration-ms="14789" status="PASS">
          <reporter-output>
          </reporter-output>
        </test-method> <!-- launchApplication -->
        <test-method signature="ProductErrorValidation()[pri:0, instance:netflix.Tests.ErrorValidations@2438dcd]" started-at="2024-08-18T14:08:31 IST" name="ProductErrorValidation" finished-at="2024-08-18T14:08:45 IST" duration-ms="14368" status="PASS">
          <reporter-output>
          </reporter-output>
        </test-method> <!-- ProductErrorValidation -->
        <test-method is-config="true" signature="tearDown()[pri:0, instance:netflix.Tests.ErrorValidations@2438dcd]" started-at="2024-08-18T14:08:45 IST" name="tearDown" finished-at="2024-08-18T14:08:46 IST" duration-ms="426" status="PASS">
          <reporter-output>
          </reporter-output>
        </test-method> <!-- tearDown -->
      </class> <!-- netflix.Tests.ErrorValidations -->
    </test> <!-- Error Test -->
  </suite> <!-- Suite -->
</testng-results>
