<?xml version="1.0" encoding="UTF-8"?>
<testng-results ignored="0" total="5" passed="5" failed="0" skipped="0">
  <reporter-output>
  </reporter-output>
  <suite started-at="2024-08-20T16:58:16 IST" name="Suite" finished-at="2024-08-20T16:59:23 IST" duration-ms="66381">
    <groups>
      <group name="ErrorHandling">
        <method signature="ErrorValidations.LoginErrorValidation()[pri:0, instance:netflix.Tests.ErrorValidations@2a76840c]" name="LoginErrorValidation" class="netflix.Tests.ErrorValidations"/>
      </group> <!-- ErrorHandling -->
      <group name="Purchase">
        <method signature="Submitorder.submitOrder(java.util.HashMap)[pri:0, instance:netflix.Tests.Submitorder@79179359]" name="submitOrder" class="netflix.Tests.Submitorder"/>
      </group> <!-- Purchase -->
    </groups>
    <test started-at="2024-08-20T16:58:16 IST" name="Submit Test" finished-at="2024-08-20T16:59:01 IST" duration-ms="45234">
      <class name="netflix.Tests.Submitorder">
        <test-method is-config="true" signature="launchApplication()[pri:0, instance:netflix.Tests.Submitorder@79179359]" started-at="2024-08-20T16:58:16 IST" name="launchApplication" finished-at="2024-08-20T16:58:22 IST" duration-ms="5738" status="PASS">
          <reporter-output>
          </reporter-output>
        </test-method> <!-- launchApplication -->
        <test-method signature="submitOrder(java.util.HashMap)[pri:0, instance:netflix.Tests.Submitorder@79179359]" started-at="2024-08-20T16:58:22 IST" name="submitOrder" data-provider="getData" finished-at="2024-08-20T16:58:38 IST" duration-ms="15281" status="PASS">
          <params>
            <param index="0">
              <value>
                <![CDATA[{password=Example@123, email=example007@gmail.com, productName=ADIDAS ORIGINAL}]]>
              </value>
            </param>
          </params>
          <reporter-output>
          </reporter-output>
        </test-method> <!-- submitOrder -->
        <test-method is-config="true" signature="tearDown()[pri:0, instance:netflix.Tests.Submitorder@79179359]" started-at="2024-08-20T16:58:38 IST" name="tearDown" finished-at="2024-08-20T16:58:38 IST" duration-ms="424" status="PASS">
          <reporter-output>
          </reporter-output>
        </test-method> <!-- tearDown -->
        <test-method is-config="true" signature="launchApplication()[pri:0, instance:netflix.Tests.Submitorder@79179359]" started-at="2024-08-20T16:58:38 IST" name="launchApplication" finished-at="2024-08-20T16:58:43 IST" duration-ms="4508" status="PASS">
          <reporter-output>
          </reporter-output>
        </test-method> <!-- launchApplication -->
        <test-method signature="submitOrder(java.util.HashMap)[pri:0, instance:netflix.Tests.Submitorder@79179359]" started-at="2024-08-20T16:58:43 IST" name="submitOrder" data-provider="getData" finished-at="2024-08-20T16:58:57 IST" duration-ms="14885" status="PASS">
          <params>
            <param index="0">
              <value>
                <![CDATA[{password=Example@1234, email=example010@gmail.com, productName=ZARA COAT 3}]]>
              </value>
            </param>
          </params>
          <reporter-output>
          </reporter-output>
        </test-method> <!-- submitOrder -->
        <test-method is-config="true" signature="tearDown()[pri:0, instance:netflix.Tests.Submitorder@79179359]" started-at="2024-08-20T16:58:57 IST" name="tearDown" finished-at="2024-08-20T16:58:58 IST" duration-ms="289" status="PASS">
          <reporter-output>
          </reporter-output>
        </test-method> <!-- tearDown -->
        <test-method is-config="true" signature="launchApplication()[pri:0, instance:netflix.Tests.Submitorder@79179359]" started-at="2024-08-20T16:58:58 IST" name="launchApplication" finished-at="2024-08-20T16:59:00 IST" duration-ms="1952" status="PASS">
          <reporter-output>
          </reporter-output>
        </test-method> <!-- launchApplication -->
        <test-method signature="OrderHistoryTest()[pri:0, instance:netflix.Tests.Submitorder@79179359]" started-at="2024-08-20T16:59:00 IST" name="OrderHistoryTest" finished-at="2024-08-20T16:59:01 IST" depends-on-methods="netflix.Tests.Submitorder.submitOrder" duration-ms="1470" status="PASS">
          <reporter-output>
          </reporter-output>
        </test-method> <!-- OrderHistoryTest -->
        <test-method is-config="true" signature="tearDown()[pri:0, instance:netflix.Tests.Submitorder@79179359]" started-at="2024-08-20T16:59:01 IST" name="tearDown" finished-at="2024-08-20T16:59:01 IST" duration-ms="220" status="PASS">
          <reporter-output>
          </reporter-output>
        </test-method> <!-- tearDown -->
      </class> <!-- netflix.Tests.Submitorder -->
    </test> <!-- Submit Test -->
    <test started-at="2024-08-20T16:59:02 IST" name="Error Test" finished-at="2024-08-20T16:59:23 IST" duration-ms="20606">
      <class name="netflix.Tests.ErrorValidations">
        <test-method is-config="true" signature="launchApplication()[pri:0, instance:netflix.Tests.ErrorValidations@2a76840c]" started-at="2024-08-20T16:59:02 IST" name="launchApplication" finished-at="2024-08-20T16:59:04 IST" duration-ms="2266" status="PASS">
          <reporter-output>
          </reporter-output>
        </test-method> <!-- launchApplication -->
        <test-method signature="LoginErrorValidation()[pri:0, instance:netflix.Tests.ErrorValidations@2a76840c]" started-at="2024-08-20T16:59:04 IST" name="LoginErrorValidation" finished-at="2024-08-20T16:59:05 IST" duration-ms="780" status="PASS">
          <reporter-output>
          </reporter-output>
        </test-method> <!-- LoginErrorValidation -->
        <test-method is-config="true" signature="tearDown()[pri:0, instance:netflix.Tests.ErrorValidations@2a76840c]" started-at="2024-08-20T16:59:05 IST" name="tearDown" finished-at="2024-08-20T16:59:05 IST" duration-ms="308" status="PASS">
          <reporter-output>
          </reporter-output>
        </test-method> <!-- tearDown -->
        <test-method is-config="true" signature="launchApplication()[pri:0, instance:netflix.Tests.ErrorValidations@2a76840c]" started-at="2024-08-20T16:59:05 IST" name="launchApplication" finished-at="2024-08-20T16:59:08 IST" duration-ms="3050" status="PASS">
          <reporter-output>
          </reporter-output>
        </test-method> <!-- launchApplication -->
        <test-method signature="ProductErrorValidation()[pri:0, instance:netflix.Tests.ErrorValidations@2a76840c]" started-at="2024-08-20T16:59:08 IST" name="ProductErrorValidation" finished-at="2024-08-20T16:59:22 IST" duration-ms="13867" status="PASS">
          <reporter-output>
          </reporter-output>
        </test-method> <!-- ProductErrorValidation -->
        <test-method is-config="true" signature="tearDown()[pri:0, instance:netflix.Tests.ErrorValidations@2a76840c]" started-at="2024-08-20T16:59:22 IST" name="tearDown" finished-at="2024-08-20T16:59:23 IST" duration-ms="326" status="PASS">
          <reporter-output>
          </reporter-output>
        </test-method> <!-- tearDown -->
      </class> <!-- netflix.Tests.ErrorValidations -->
    </test> <!-- Error Test -->
  </suite> <!-- Suite -->
</testng-results>
