<?xml version="1.0" encoding="UTF-8"?>
<!-- Generated by org.testng.reporters.JUnitReportReporter -->
<testsuite hostname="DESKTOP-30AVNGR" failures="0" tests="1" name="cucumber.TestNGTestRunner" time="9.331" errors="1" timestamp="2024-08-20T13:33:07 IST" skipped="0">
  <testcase classname="cucumber.TestNGTestRunner" name="runScenario" time="9.331">
    <error message="Cannot invoke &quot;org.openqa.selenium.WebElement.findElement(org.openqa.selenium.By)&quot; because &quot;prod&quot; is null" type="java.lang.NullPointerException">
      <![CDATA[java.lang.NullPointerException: Cannot invoke "org.openqa.selenium.WebElement.findElement(org.openqa.selenium.By)" because "prod" is null
at netflix.pageobjects.ProductCatalouge.addProductToCart(ProductCatalouge.java:54)
at netflix.stepDefinition.StepDefinitionImpl.I_add_product_to_Cart(StepDefinitionImpl.java:44)
at ✽.I add product ADIDAS ORIGINAL to Cart(file:///C:/Users/Admin/eclipse-workspace/SeleniumWeb/src/test/java/cucumber/SubmitOrder.feature:13)
]]>
    </error>
  </testcase> <!-- runScenario -->
</testsuite> <!-- cucumber.TestNGTestRunner -->
